<?xml version="1.0" encoding="UTF-8"?>
<coverage generated="1743214062150" clover="3.2.0">
  <project timestamp="1743214062150" name="All files">
    <metrics statements="97" coveredstatements="52" conditionals="94" coveredconditionals="43" methods="32" coveredmethods="19" elements="223" coveredelements="114" complexity="0" loc="97" ncloc="97" packages="4" files="6" classes="6"/>
    <package name="src">
      <metrics statements="2" coveredstatements="2" conditionals="0" coveredconditionals="0" methods="1" coveredmethods="1"/>
      <file name="store.jsx" path="C:\Users\Usuario\OneDrive\Escritorio\Programación\Code Academy\projects\redditclient\src\store.jsx">
        <metrics statements="2" coveredstatements="2" conditionals="0" coveredconditionals="0" methods="1" coveredmethods="1"/>
        <line num="6" count="2" type="stmt"/>
        <line num="12" count="2" type="stmt"/>
      </file>
    </package>
    <package name="src.Components.Subreddit">
      <metrics statements="23" coveredstatements="0" conditionals="34" coveredconditionals="0" methods="6" coveredmethods="0"/>
      <file name="Subreddit.jsx" path="C:\Users\Usuario\OneDrive\Escritorio\Programación\Code Academy\projects\redditclient\src\Components\Subreddit\Subreddit.jsx">
        <metrics statements="23" coveredstatements="0" conditionals="34" coveredconditionals="0" methods="6" coveredmethods="0"/>
        <line num="9" count="0" type="stmt"/>
        <line num="10" count="0" type="stmt"/>
        <line num="11" count="0" type="stmt"/>
        <line num="13" count="0" type="stmt"/>
        <line num="15" count="0" type="stmt"/>
        <line num="16" count="0" type="stmt"/>
        <line num="17" count="0" type="stmt"/>
        <line num="18" count="0" type="cond" truecount="0" falsecount="2"/>
        <line num="19" count="0" type="stmt"/>
        <line num="21" count="0" type="stmt"/>
        <line num="23" count="0" type="stmt"/>
        <line num="33" count="0" type="stmt"/>
        <line num="41" count="0" type="stmt"/>
        <line num="47" count="0" type="stmt"/>
        <line num="50" count="0" type="cond" truecount="0" falsecount="4"/>
        <line num="51" count="0" type="stmt"/>
        <line num="55" count="0" type="cond" truecount="0" falsecount="2"/>
        <line num="56" count="0" type="stmt"/>
        <line num="65" count="0" type="cond" truecount="0" falsecount="2"/>
        <line num="66" count="0" type="stmt"/>
        <line num="69" count="0" type="stmt"/>
        <line num="113" count="0" type="stmt"/>
        <line num="144" count="0" type="stmt"/>
      </file>
    </package>
    <package name="src.Features.Results">
      <metrics statements="50" coveredstatements="28" conditionals="37" coveredconditionals="20" methods="20" coveredmethods="13"/>
      <file name="Results.jsx" path="C:\Users\Usuario\OneDrive\Escritorio\Programación\Code Academy\projects\redditclient\src\Features\Results\Results.jsx">
        <metrics statements="25" coveredstatements="25" conditionals="21" coveredconditionals="20" methods="12" coveredmethods="12"/>
        <line num="10" count="108" type="stmt"/>
        <line num="11" count="108" type="stmt"/>
        <line num="12" count="108" type="stmt"/>
        <line num="14" count="137" type="stmt"/>
        <line num="15" count="108" type="stmt"/>
        <line num="16" count="108" type="stmt"/>
        <line num="23" count="72" type="stmt"/>
        <line num="27" count="108" type="cond" truecount="1" falsecount="1"/>
        <line num="29" count="108" type="stmt"/>
        <line num="31" count="108" type="stmt"/>
        <line num="32" count="209" type="cond" truecount="7" falsecount="0"/>
        <line num="42" count="108" type="stmt"/>
        <line num="44" count="108" type="cond" truecount="2" falsecount="0"/>
        <line num="46" count="16" type="stmt"/>
        <line num="47" count="7" type="stmt"/>
        <line num="48" count="7" type="cond" truecount="2" falsecount="0"/>
        <line num="52" count="108" type="stmt"/>
        <line num="53" count="4" type="stmt"/>
        <line num="56" count="108" type="stmt"/>
        <line num="57" count="1" type="stmt"/>
        <line num="60" count="108" type="stmt"/>
        <line num="63" count="2" type="stmt"/>
        <line num="66" count="108" type="stmt"/>
        <line num="138" count="135" type="stmt"/>
        <line num="141" count="2" type="stmt"/>
      </file>
      <file name="apiResultsSlice.jsx" path="C:\Users\Usuario\OneDrive\Escritorio\Programación\Code Academy\projects\redditclient\src\Features\Results\apiResultsSlice.jsx">
        <metrics statements="25" coveredstatements="3" conditionals="16" coveredconditionals="0" methods="8" coveredmethods="1"/>
        <line num="3" count="1" type="stmt"/>
        <line num="12" count="1" type="stmt"/>
        <line num="14" count="0" type="stmt"/>
        <line num="16" count="0" type="cond" truecount="0" falsecount="2"/>
        <line num="17" count="0" type="stmt"/>
        <line num="19" count="0" type="stmt"/>
        <line num="22" count="0" type="cond" truecount="0" falsecount="2"/>
        <line num="23" count="0" type="stmt"/>
        <line num="25" count="0" type="cond" truecount="0" falsecount="2"/>
        <line num="26" count="0" type="stmt"/>
        <line num="28" count="0" type="cond" truecount="0" falsecount="2"/>
        <line num="29" count="0" type="stmt"/>
        <line num="31" count="0" type="stmt"/>
        <line num="37" count="0" type="stmt"/>
        <line num="39" count="0" type="cond" truecount="0" falsecount="2"/>
        <line num="40" count="0" type="stmt"/>
        <line num="42" count="0" type="stmt"/>
        <line num="45" count="0" type="cond" truecount="0" falsecount="2"/>
        <line num="46" count="0" type="stmt"/>
        <line num="48" count="0" type="cond" truecount="0" falsecount="2"/>
        <line num="49" count="0" type="stmt"/>
        <line num="51" count="0" type="cond" truecount="0" falsecount="2"/>
        <line num="52" count="0" type="stmt"/>
        <line num="54" count="0" type="stmt"/>
        <line num="62" count="1" type="stmt"/>
      </file>
    </package>
    <package name="src.Features.Search">
      <metrics statements="22" coveredstatements="22" conditionals="23" coveredconditionals="23" methods="5" coveredmethods="5"/>
      <file name="Search.jsx" path="C:\Users\Usuario\OneDrive\Escritorio\Programación\Code Academy\projects\redditclient\src\Features\Search\Search.jsx">
        <metrics statements="19" coveredstatements="19" conditionals="23" coveredconditionals="23" methods="4" coveredmethods="4"/>
        <line num="10" count="166" type="stmt"/>
        <line num="11" count="166" type="stmt"/>
        <line num="12" count="166" type="stmt"/>
        <line num="13" count="166" type="stmt"/>
        <line num="14" count="166" type="stmt"/>
        <line num="22" count="166" type="stmt"/>
        <line num="29" count="121" type="stmt"/>
        <line num="30" count="121" type="stmt"/>
        <line num="33" count="166" type="stmt"/>
        <line num="34" count="34" type="cond" truecount="6" falsecount="0"/>
        <line num="35" count="1" type="stmt"/>
        <line num="40" count="16" type="stmt"/>
        <line num="41" count="16" type="cond" truecount="2" falsecount="0"/>
        <line num="42" count="6" type="stmt"/>
        <line num="43" count="6" type="stmt"/>
        <line num="45" count="10" type="stmt"/>
        <line num="46" count="10" type="stmt"/>
        <line num="47" count="10" type="stmt"/>
        <line num="50" count="166" type="stmt"/>
      </file>
      <file name="searchTermSlice.jsx" path="C:\Users\Usuario\OneDrive\Escritorio\Programación\Code Academy\projects\redditclient\src\Features\Search\searchTermSlice.jsx">
        <metrics statements="3" coveredstatements="3" conditionals="0" coveredconditionals="0" methods="1" coveredmethods="1"/>
        <line num="3" count="2" type="stmt"/>
        <line num="7" count="35" type="stmt"/>
        <line num="11" count="2" type="stmt"/>
      </file>
    </package>
  </project>
</coverage>
