<?xml version="1.0" encoding="UTF-8"?>
<coverage generated="1738167290322" clover="3.2.0">
  <project timestamp="1738167290322" name="All files">
    <metrics statements="63" coveredstatements="51" conditionals="45" coveredconditionals="36" methods="23" coveredmethods="19" elements="131" coveredelements="106" complexity="0" loc="63" ncloc="63" packages="4" files="6" classes="6"/>
    <package name="src">
      <metrics statements="2" coveredstatements="2" conditionals="0" coveredconditionals="0" methods="1" coveredmethods="1"/>
      <file name="store.jsx" path="C:\Users\Usuario\OneDrive\Escritorio\Programación\Code Academy\projects\redditclient\src\store.jsx">
        <metrics statements="2" coveredstatements="2" conditionals="0" coveredconditionals="0" methods="1" coveredmethods="1"/>
        <line num="6" count="2" type="stmt"/>
        <line num="12" count="2" type="stmt"/>
      </file>
    </package>
    <package name="src.Components.Subreddit">
      <metrics statements="1" coveredstatements="0" conditionals="0" coveredconditionals="0" methods="1" coveredmethods="0"/>
      <file name="Subreddit.jsx" path="C:\Users\Usuario\OneDrive\Escritorio\Programación\Code Academy\projects\redditclient\src\Components\Subreddit\Subreddit.jsx">
        <metrics statements="1" coveredstatements="0" conditionals="0" coveredconditionals="0" methods="1" coveredmethods="0"/>
        <line num="2" count="0" type="stmt"/>
      </file>
    </package>
    <package name="src.Features.Results">
      <metrics statements="38" coveredstatements="27" conditionals="22" coveredconditionals="13" methods="16" coveredmethods="13"/>
      <file name="Results.jsx" path="C:\Users\Usuario\OneDrive\Escritorio\Programación\Code Academy\projects\redditclient\src\Features\Results\Results.jsx">
        <metrics statements="24" coveredstatements="24" conditionals="14" coveredconditionals="13" methods="12" coveredmethods="12"/>
        <line num="8" count="93" type="stmt"/>
        <line num="9" count="93" type="stmt"/>
        <line num="10" count="93" type="stmt"/>
        <line num="12" count="119" type="stmt"/>
        <line num="13" count="93" type="stmt"/>
        <line num="14" count="93" type="stmt"/>
        <line num="21" count="61" type="stmt"/>
        <line num="25" count="87" type="cond" truecount="1" falsecount="1"/>
        <line num="27" count="87" type="stmt"/>
        <line num="29" count="87" type="stmt"/>
        <line num="30" count="167" type="cond" truecount="6" falsecount="0"/>
        <line num="36" count="93" type="stmt"/>
        <line num="37" count="3" type="stmt"/>
        <line num="38" count="2" type="stmt"/>
        <line num="40" count="3" type="stmt"/>
        <line num="43" count="93" type="stmt"/>
        <line num="44" count="1" type="stmt"/>
        <line num="45" count="1" type="stmt"/>
        <line num="47" count="1" type="stmt"/>
        <line num="50" count="93" type="cond" truecount="2" falsecount="0"/>
        <line num="53" count="2" type="stmt"/>
        <line num="56" count="93" type="stmt"/>
        <line num="94" count="117" type="stmt"/>
        <line num="95" count="2" type="stmt"/>
      </file>
      <file name="apiResultsSlice.jsx" path="C:\Users\Usuario\OneDrive\Escritorio\Programación\Code Academy\projects\redditclient\src\Features\Results\apiResultsSlice.jsx">
        <metrics statements="14" coveredstatements="3" conditionals="8" coveredconditionals="0" methods="4" coveredmethods="1"/>
        <line num="3" count="1" type="stmt"/>
        <line num="12" count="1" type="stmt"/>
        <line num="14" count="0" type="stmt"/>
        <line num="16" count="0" type="cond" truecount="0" falsecount="2"/>
        <line num="17" count="0" type="stmt"/>
        <line num="19" count="0" type="stmt"/>
        <line num="22" count="0" type="cond" truecount="0" falsecount="2"/>
        <line num="23" count="0" type="stmt"/>
        <line num="25" count="0" type="cond" truecount="0" falsecount="2"/>
        <line num="26" count="0" type="stmt"/>
        <line num="28" count="0" type="cond" truecount="0" falsecount="2"/>
        <line num="29" count="0" type="stmt"/>
        <line num="31" count="0" type="stmt"/>
        <line num="39" count="1" type="stmt"/>
      </file>
    </package>
    <package name="src.Features.Search">
      <metrics statements="22" coveredstatements="22" conditionals="23" coveredconditionals="23" methods="5" coveredmethods="5"/>
      <file name="Search.jsx" path="C:\Users\Usuario\OneDrive\Escritorio\Programación\Code Academy\projects\redditclient\src\Features\Search\Search.jsx">
        <metrics statements="19" coveredstatements="19" conditionals="23" coveredconditionals="23" methods="4" coveredmethods="4"/>
        <line num="8" count="166" type="stmt"/>
        <line num="9" count="166" type="stmt"/>
        <line num="10" count="166" type="stmt"/>
        <line num="11" count="166" type="stmt"/>
        <line num="12" count="166" type="stmt"/>
        <line num="20" count="166" type="stmt"/>
        <line num="27" count="121" type="stmt"/>
        <line num="28" count="121" type="stmt"/>
        <line num="31" count="166" type="stmt"/>
        <line num="32" count="34" type="cond" truecount="6" falsecount="0"/>
        <line num="33" count="1" type="stmt"/>
        <line num="38" count="16" type="stmt"/>
        <line num="39" count="16" type="cond" truecount="2" falsecount="0"/>
        <line num="40" count="6" type="stmt"/>
        <line num="41" count="6" type="stmt"/>
        <line num="43" count="10" type="stmt"/>
        <line num="44" count="10" type="stmt"/>
        <line num="45" count="10" type="stmt"/>
        <line num="48" count="166" type="stmt"/>
      </file>
      <file name="searchTermSlice.jsx" path="C:\Users\Usuario\OneDrive\Escritorio\Programación\Code Academy\projects\redditclient\src\Features\Search\searchTermSlice.jsx">
        <metrics statements="3" coveredstatements="3" conditionals="0" coveredconditionals="0" methods="1" coveredmethods="1"/>
        <line num="3" count="2" type="stmt"/>
        <line num="7" count="10" type="stmt"/>
        <line num="11" count="2" type="stmt"/>
      </file>
    </package>
  </project>
</coverage>
