{"C:\\Users\\Usuario\\OneDrive\\Escritorio\\Programación\\Code Academy\\projects\\redditclient\\src\\store.jsx": {"path":"C:\\Users\\Usuario\\OneDrive\\Escritorio\\Programación\\Code Academy\\projects\\redditclient\\src\\store.jsx","statementMap":{"0":{"start":{"line":6,"column":21},"end":{"line":13,"column":2}},"1":{"start":{"line":12,"column":42},"end":{"line":12,"column":133}}},"fnMap":{"0":{"name":"(anonymous_0)","decl":{"start":{"line":12,"column":16},"end":{"line":12,"column":17}},"loc":{"start":{"line":12,"column":42},"end":{"line":12,"column":133}},"line":12}},"branchMap":{},"s":{"0":3,"1":3},"f":{"0":3},"b":{},"_coverageSchema":"1a1c01bbd47fc00a2c39e90264f33305004495a9","hash":"a0a38c8b67f6f1ea5761b6201406ac095b39b71e"}
,"C:\\Users\\Usuario\\OneDrive\\Escritorio\\Programación\\Code Academy\\projects\\redditclient\\src\\Components\\Subreddit\\Subreddit.jsx": {"path":"C:\\Users\\Usuario\\OneDrive\\Escritorio\\Programación\\Code Academy\\projects\\redditclient\\src\\Components\\Subreddit\\Subreddit.jsx","statementMap":{"0":{"start":{"line":9,"column":42},"end":{"line":9,"column":61}},"1":{"start":{"line":10,"column":22},"end":{"line":10,"column":149}},"2":{"start":{"line":11,"column":23},"end":{"line":11,"column":61}},"3":{"start":{"line":11,"column":44},"end":{"line":11,"column":60}},"4":{"start":{"line":13,"column":26},"end":{"line":13,"column":37}},"5":{"start":{"line":15,"column":25},"end":{"line":25,"column":7}},"6":{"start":{"line":16,"column":8},"end":{"line":24,"column":11}},"7":{"start":{"line":17,"column":25},"end":{"line":17,"column":38}},"8":{"start":{"line":18,"column":10},"end":{"line":22,"column":11}},"9":{"start":{"line":19,"column":12},"end":{"line":19,"column":30}},"10":{"start":{"line":21,"column":12},"end":{"line":21,"column":27}},"11":{"start":{"line":23,"column":10},"end":{"line":23,"column":24}},"12":{"start":{"line":33,"column":8},"end":{"line":33,"column":41}},"13":{"start":{"line":41,"column":8},"end":{"line":45,"column":6}},"14":{"start":{"line":47,"column":36},"end":{"line":47,"column":63}},"15":{"start":{"line":50,"column":2},"end":{"line":52,"column":3}},"16":{"start":{"line":51,"column":4},"end":{"line":51,"column":33}},"17":{"start":{"line":55,"column":2},"end":{"line":62,"column":3}},"18":{"start":{"line":56,"column":4},"end":{"line":61,"column":6}},"19":{"start":{"line":65,"column":2},"end":{"line":67,"column":3}},"20":{"start":{"line":66,"column":4},"end":{"line":66,"column":40}},"21":{"start":{"line":69,"column":2},"end":{"line":160,"column":4}},"22":{"start":{"line":113,"column":12},"end":{"line":155,"column":18}},"23":{"start":{"line":144,"column":35},"end":{"line":144,"column":59}}},"fnMap":{"0":{"name":"Subreddit","decl":{"start":{"line":8,"column":9},"end":{"line":8,"column":18}},"loc":{"start":{"line":8,"column":22},"end":{"line":161,"column":1}},"line":8},"1":{"name":"(anonymous_1)","decl":{"start":{"line":11,"column":35},"end":{"line":11,"column":36}},"loc":{"start":{"line":11,"column":44},"end":{"line":11,"column":60}},"line":11},"2":{"name":"(anonymous_2)","decl":{"start":{"line":15,"column":25},"end":{"line":15,"column":26}},"loc":{"start":{"line":15,"column":33},"end":{"line":25,"column":7}},"line":15},"3":{"name":"(anonymous_3)","decl":{"start":{"line":16,"column":23},"end":{"line":16,"column":24}},"loc":{"start":{"line":16,"column":31},"end":{"line":24,"column":9}},"line":16},"4":{"name":"(anonymous_4)","decl":{"start":{"line":112,"column":29},"end":{"line":112,"column":30}},"loc":{"start":{"line":113,"column":12},"end":{"line":155,"column":18}},"line":113},"5":{"name":"(anonymous_5)","decl":{"start":{"line":144,"column":29},"end":{"line":144,"column":30}},"loc":{"start":{"line":144,"column":35},"end":{"line":144,"column":59}},"line":144}},"branchMap":{"0":{"loc":{"start":{"line":18,"column":10},"end":{"line":22,"column":11}},"type":"if","locations":[{"start":{"line":18,"column":10},"end":{"line":22,"column":11}},{"start":{"line":20,"column":17},"end":{"line":22,"column":11}}],"line":18},"1":{"loc":{"start":{"line":50,"column":2},"end":{"line":52,"column":3}},"type":"if","locations":[{"start":{"line":50,"column":2},"end":{"line":52,"column":3}},{"start":{},"end":{}}],"line":50},"2":{"loc":{"start":{"line":50,"column":6},"end":{"line":50,"column":47}},"type":"binary-expr","locations":[{"start":{"line":50,"column":6},"end":{"line":50,"column":24}},{"start":{"line":50,"column":28},"end":{"line":50,"column":47}}],"line":50},"3":{"loc":{"start":{"line":55,"column":2},"end":{"line":62,"column":3}},"type":"if","locations":[{"start":{"line":55,"column":2},"end":{"line":62,"column":3}},{"start":{},"end":{}}],"line":55},"4":{"loc":{"start":{"line":58,"column":19},"end":{"line":58,"column":69}},"type":"binary-expr","locations":[{"start":{"line":58,"column":19},"end":{"line":58,"column":42}},{"start":{"line":58,"column":46},"end":{"line":58,"column":69}}],"line":58},"5":{"loc":{"start":{"line":65,"column":2},"end":{"line":67,"column":3}},"type":"if","locations":[{"start":{"line":65,"column":2},"end":{"line":67,"column":3}},{"start":{},"end":{}}],"line":65},"6":{"loc":{"start":{"line":99,"column":9},"end":{"line":103,"column":16}},"type":"cond-expr","locations":[{"start":{"line":100,"column":10},"end":{"line":102,"column":16}},{"start":{"line":103,"column":12},"end":{"line":103,"column":16}}],"line":99},"7":{"loc":{"start":{"line":99,"column":9},"end":{"line":99,"column":48}},"type":"binary-expr","locations":[{"start":{"line":99,"column":9},"end":{"line":99,"column":26}},{"start":{"line":99,"column":30},"end":{"line":99,"column":48}}],"line":99},"8":{"loc":{"start":{"line":105,"column":9},"end":{"line":109,"column":16}},"type":"cond-expr","locations":[{"start":{"line":106,"column":10},"end":{"line":108,"column":16}},{"start":{"line":109,"column":12},"end":{"line":109,"column":16}}],"line":105},"9":{"loc":{"start":{"line":107,"column":23},"end":{"line":107,"column":76}},"type":"binary-expr","locations":[{"start":{"line":107,"column":23},"end":{"line":107,"column":45}},{"start":{"line":107,"column":49},"end":{"line":107,"column":76}}],"line":107},"10":{"loc":{"start":{"line":128,"column":20},"end":{"line":128,"column":88}},"type":"cond-expr","locations":[{"start":{"line":128,"column":55},"end":{"line":128,"column":78}},{"start":{"line":128,"column":81},"end":{"line":128,"column":88}}],"line":128},"11":{"loc":{"start":{"line":132,"column":17},"end":{"line":134,"column":17}},"type":"binary-expr","locations":[{"start":{"line":132,"column":17},"end":{"line":132,"column":34}},{"start":{"line":132,"column":38},"end":{"line":132,"column":55}},{"start":{"line":132,"column":59},"end":{"line":132,"column":126}},{"start":{"line":133,"column":20},"end":{"line":133,"column":87}}],"line":132},"12":{"loc":{"start":{"line":133,"column":54},"end":{"line":133,"column":83}},"type":"binary-expr","locations":[{"start":{"line":133,"column":54},"end":{"line":133,"column":67}},{"start":{"line":133,"column":71},"end":{"line":133,"column":83}}],"line":133},"13":{"loc":{"start":{"line":135,"column":17},"end":{"line":137,"column":30}},"type":"cond-expr","locations":[{"start":{"line":135,"column":36},"end":{"line":137,"column":24}},{"start":{"line":137,"column":28},"end":{"line":137,"column":30}}],"line":135},"14":{"loc":{"start":{"line":139,"column":50},"end":{"line":139,"column":100}},"type":"cond-expr","locations":[{"start":{"line":139,"column":80},"end":{"line":139,"column":95}},{"start":{"line":139,"column":98},"end":{"line":139,"column":100}}],"line":139},"15":{"loc":{"start":{"line":147,"column":17},"end":{"line":147,"column":72}},"type":"cond-expr","locations":[{"start":{"line":147,"column":47},"end":{"line":147,"column":58}},{"start":{"line":147,"column":61},"end":{"line":147,"column":72}}],"line":147}},"s":{"0":0,"1":0,"2":0,"3":0,"4":0,"5":0,"6":0,"7":0,"8":0,"9":0,"10":0,"11":0,"12":0,"13":0,"14":0,"15":0,"16":0,"17":0,"18":0,"19":0,"20":0,"21":0,"22":0,"23":0},"f":{"0":0,"1":0,"2":0,"3":0,"4":0,"5":0},"b":{"0":[0,0],"1":[0,0],"2":[0,0],"3":[0,0],"4":[0,0],"5":[0,0],"6":[0,0],"7":[0,0],"8":[0,0],"9":[0,0],"10":[0,0],"11":[0,0,0,0],"12":[0,0],"13":[0,0],"14":[0,0],"15":[0,0]},"_coverageSchema":"1a1c01bbd47fc00a2c39e90264f33305004495a9","hash":"0e88d5bc21910689636b16d33d1c1457ec18f446"}
,"C:\\Users\\Usuario\\OneDrive\\Escritorio\\Programación\\Code Academy\\projects\\redditclient\\src\\Features\\Results\\Results.jsx": {"path":"C:\\Users\\Usuario\\OneDrive\\Escritorio\\Programación\\Code Academy\\projects\\redditclient\\src\\Features\\Results\\Results.jsx","statementMap":{"0":{"start":{"line":10,"column":37},"end":{"line":10,"column":49}},"1":{"start":{"line":11,"column":38},"end":{"line":11,"column":52}},"2":{"start":{"line":12,"column":48},"end":{"line":12,"column":62}},"3":{"start":{"line":14,"column":23},"end":{"line":14,"column":61}},"4":{"start":{"line":14,"column":44},"end":{"line":14,"column":60}},"5":{"start":{"line":15,"column":21},"end":{"line":15,"column":47}},"6":{"start":{"line":16,"column":15},"end":{"line":20,"column":6}},"7":{"start":{"line":23,"column":8},"end":{"line":23,"column":41}},"8":{"start":{"line":27,"column":8},"end":{"line":27,"column":29}},"9":{"start":{"line":27,"column":19},"end":{"line":27,"column":29}},"10":{"start":{"line":29,"column":34},"end":{"line":29,"column":65}},"11":{"start":{"line":31,"column":8},"end":{"line":38,"column":10}},"12":{"start":{"line":32,"column":12},"end":{"line":37,"column":13}},"13":{"start":{"line":42,"column":25},"end":{"line":42,"column":42}},"14":{"start":{"line":44,"column":8},"end":{"line":44,"column":40}},"15":{"start":{"line":44,"column":24},"end":{"line":44,"column":40}},"16":{"start":{"line":46,"column":8},"end":{"line":49,"column":11}},"17":{"start":{"line":47,"column":31},"end":{"line":47,"column":93}},"18":{"start":{"line":48,"column":12},"end":{"line":48,"column":66}},"19":{"start":{"line":52,"column":28},"end":{"line":54,"column":5}},"20":{"start":{"line":53,"column":8},"end":{"line":53,"column":28}},"21":{"start":{"line":56,"column":29},"end":{"line":58,"column":5}},"22":{"start":{"line":57,"column":8},"end":{"line":57,"column":29}},"23":{"start":{"line":60,"column":27},"end":{"line":60,"column":53}},"24":{"start":{"line":63,"column":8},"end":{"line":63,"column":44}},"25":{"start":{"line":66,"column":4},"end":{"line":204,"column":7}},"26":{"start":{"line":138,"column":16},"end":{"line":199,"column":21}},"27":{"start":{"line":141,"column":33},"end":{"line":141,"column":54}}},"fnMap":{"0":{"name":"Results","decl":{"start":{"line":9,"column":9},"end":{"line":9,"column":16}},"loc":{"start":{"line":9,"column":20},"end":{"line":205,"column":1}},"line":9},"1":{"name":"(anonymous_1)","decl":{"start":{"line":14,"column":35},"end":{"line":14,"column":36}},"loc":{"start":{"line":14,"column":44},"end":{"line":14,"column":60}},"line":14},"2":{"name":"handleChange","decl":{"start":{"line":22,"column":13},"end":{"line":22,"column":25}},"loc":{"start":{"line":22,"column":34},"end":{"line":24,"column":5}},"line":22},"3":{"name":"getFilteredData","decl":{"start":{"line":26,"column":13},"end":{"line":26,"column":28}},"loc":{"start":{"line":26,"column":32},"end":{"line":39,"column":5}},"line":26},"4":{"name":"(anonymous_4)","decl":{"start":{"line":31,"column":27},"end":{"line":31,"column":28}},"loc":{"start":{"line":32,"column":12},"end":{"line":37,"column":13}},"line":32},"5":{"name":"getSortedAndFilteredData","decl":{"start":{"line":41,"column":13},"end":{"line":41,"column":37}},"loc":{"start":{"line":41,"column":40},"end":{"line":50,"column":5}},"line":41},"6":{"name":"(anonymous_6)","decl":{"start":{"line":46,"column":29},"end":{"line":46,"column":30}},"loc":{"start":{"line":46,"column":39},"end":{"line":49,"column":9}},"line":46},"7":{"name":"(anonymous_7)","decl":{"start":{"line":52,"column":28},"end":{"line":52,"column":29}},"loc":{"start":{"line":52,"column":34},"end":{"line":54,"column":5}},"line":52},"8":{"name":"(anonymous_8)","decl":{"start":{"line":56,"column":29},"end":{"line":56,"column":30}},"loc":{"start":{"line":56,"column":35},"end":{"line":58,"column":5}},"line":56},"9":{"name":"handleSelection","decl":{"start":{"line":62,"column":13},"end":{"line":62,"column":28}},"loc":{"start":{"line":62,"column":35},"end":{"line":64,"column":5}},"line":62},"10":{"name":"(anonymous_10)","decl":{"start":{"line":137,"column":34},"end":{"line":137,"column":35}},"loc":{"start":{"line":138,"column":16},"end":{"line":199,"column":21}},"line":138},"11":{"name":"(anonymous_11)","decl":{"start":{"line":141,"column":27},"end":{"line":141,"column":28}},"loc":{"start":{"line":141,"column":33},"end":{"line":141,"column":54}},"line":141}},"branchMap":{"0":{"loc":{"start":{"line":27,"column":8},"end":{"line":27,"column":29}},"type":"if","locations":[{"start":{"line":27,"column":8},"end":{"line":27,"column":29}},{"start":{},"end":{}}],"line":27},"1":{"loc":{"start":{"line":32,"column":12},"end":{"line":37,"column":13}},"type":"binary-expr","locations":[{"start":{"line":32,"column":12},"end":{"line":32,"column":45}},{"start":{"line":34,"column":17},"end":{"line":34,"column":77}},{"start":{"line":34,"column":81},"end":{"line":34,"column":86}},{"start":{"line":35,"column":17},"end":{"line":35,"column":70}},{"start":{"line":35,"column":74},"end":{"line":35,"column":79}},{"start":{"line":36,"column":17},"end":{"line":36,"column":83}},{"start":{"line":36,"column":87},"end":{"line":36,"column":92}}],"line":32},"2":{"loc":{"start":{"line":44,"column":8},"end":{"line":44,"column":40}},"type":"if","locations":[{"start":{"line":44,"column":8},"end":{"line":44,"column":40}},{"start":{},"end":{}}],"line":44},"3":{"loc":{"start":{"line":48,"column":19},"end":{"line":48,"column":65}},"type":"cond-expr","locations":[{"start":{"line":48,"column":41},"end":{"line":48,"column":51}},{"start":{"line":48,"column":54},"end":{"line":48,"column":65}}],"line":48},"4":{"loc":{"start":{"line":152,"column":28},"end":{"line":153,"column":67}},"type":"binary-expr","locations":[{"start":{"line":152,"column":28},"end":{"line":152,"column":41}},{"start":{"line":153,"column":28},"end":{"line":153,"column":67}}],"line":152},"5":{"loc":{"start":{"line":169,"column":29},"end":{"line":171,"column":62}},"type":"cond-expr","locations":[{"start":{"line":170,"column":32},"end":{"line":170,"column":82}},{"start":{"line":171,"column":32},"end":{"line":171,"column":62}}],"line":169},"6":{"loc":{"start":{"line":176,"column":27},"end":{"line":176,"column":116}},"type":"cond-expr","locations":[{"start":{"line":176,"column":53},"end":{"line":176,"column":76}},{"start":{"line":176,"column":79},"end":{"line":176,"column":116}}],"line":176},"7":{"loc":{"start":{"line":183,"column":32},"end":{"line":183,"column":92}},"type":"binary-expr","locations":[{"start":{"line":183,"column":32},"end":{"line":183,"column":47}},{"start":{"line":183,"column":51},"end":{"line":183,"column":92}}],"line":183}},"s":{"0":108,"1":108,"2":108,"3":108,"4":137,"5":108,"6":108,"7":72,"8":108,"9":0,"10":108,"11":108,"12":209,"13":108,"14":108,"15":92,"16":16,"17":7,"18":7,"19":108,"20":4,"21":108,"22":1,"23":108,"24":2,"25":108,"26":135,"27":2},"f":{"0":108,"1":137,"2":72,"3":108,"4":209,"5":108,"6":7,"7":4,"8":1,"9":2,"10":135,"11":2},"b":{"0":[0,108],"1":[209,209,89,89,86,86,74],"2":[92,16],"3":[6,1],"4":[135,55],"5":[130,5],"6":[130,5],"7":[135,135]},"_coverageSchema":"1a1c01bbd47fc00a2c39e90264f33305004495a9","hash":"1e4bb7bcb34c8d9f81b3713157528d0f8802f86e"}
,"C:\\Users\\Usuario\\OneDrive\\Escritorio\\Programación\\Code Academy\\projects\\redditclient\\src\\Features\\Results\\apiResultsSlice.jsx": {"path":"C:\\Users\\Usuario\\OneDrive\\Escritorio\\Programación\\Code Academy\\projects\\redditclient\\src\\Features\\Results\\apiResultsSlice.jsx","statementMap":{"0":{"start":{"line":3,"column":24},"end":{"line":60,"column":2}},"1":{"start":{"line":12,"column":29},"end":{"line":59,"column":5}},"2":{"start":{"line":14,"column":39},"end":{"line":14,"column":72}},"3":{"start":{"line":16,"column":16},"end":{"line":18,"column":17}},"4":{"start":{"line":17,"column":20},"end":{"line":17,"column":75}},"5":{"start":{"line":19,"column":16},"end":{"line":19,"column":37}},"6":{"start":{"line":22,"column":16},"end":{"line":24,"column":17}},"7":{"start":{"line":23,"column":20},"end":{"line":23,"column":85}},"8":{"start":{"line":25,"column":16},"end":{"line":27,"column":17}},"9":{"start":{"line":26,"column":20},"end":{"line":26,"column":59}},"10":{"start":{"line":28,"column":16},"end":{"line":30,"column":17}},"11":{"start":{"line":29,"column":20},"end":{"line":29,"column":82}},"12":{"start":{"line":31,"column":16},"end":{"line":31,"column":72}},"13":{"start":{"line":37,"column":34},"end":{"line":37,"column":69}},"14":{"start":{"line":39,"column":16},"end":{"line":41,"column":17}},"15":{"start":{"line":40,"column":20},"end":{"line":40,"column":75}},"16":{"start":{"line":42,"column":16},"end":{"line":42,"column":71}},"17":{"start":{"line":42,"column":59},"end":{"line":42,"column":69}},"18":{"start":{"line":45,"column":16},"end":{"line":47,"column":17}},"19":{"start":{"line":46,"column":20},"end":{"line":46,"column":85}},"20":{"start":{"line":48,"column":16},"end":{"line":50,"column":17}},"21":{"start":{"line":49,"column":20},"end":{"line":49,"column":59}},"22":{"start":{"line":51,"column":16},"end":{"line":53,"column":17}},"23":{"start":{"line":52,"column":20},"end":{"line":52,"column":82}},"24":{"start":{"line":54,"column":16},"end":{"line":54,"column":72}},"25":{"start":{"line":62,"column":65},"end":{"line":62,"column":80}}},"fnMap":{"0":{"name":"(anonymous_0)","decl":{"start":{"line":12,"column":15},"end":{"line":12,"column":16}},"loc":{"start":{"line":12,"column":29},"end":{"line":59,"column":5}},"line":12},"1":{"name":"(anonymous_1)","decl":{"start":{"line":14,"column":19},"end":{"line":14,"column":20}},"loc":{"start":{"line":14,"column":39},"end":{"line":14,"column":72}},"line":14},"2":{"name":"(anonymous_2)","decl":{"start":{"line":15,"column":31},"end":{"line":15,"column":32}},"loc":{"start":{"line":15,"column":45},"end":{"line":20,"column":13}},"line":15},"3":{"name":"(anonymous_3)","decl":{"start":{"line":21,"column":36},"end":{"line":21,"column":37}},"loc":{"start":{"line":21,"column":50},"end":{"line":32,"column":13}},"line":21},"4":{"name":"(anonymous_4)","decl":{"start":{"line":37,"column":19},"end":{"line":37,"column":20}},"loc":{"start":{"line":37,"column":34},"end":{"line":37,"column":69}},"line":37},"5":{"name":"(anonymous_5)","decl":{"start":{"line":38,"column":31},"end":{"line":38,"column":32}},"loc":{"start":{"line":38,"column":45},"end":{"line":43,"column":13}},"line":38},"6":{"name":"(anonymous_6)","decl":{"start":{"line":42,"column":50},"end":{"line":42,"column":51}},"loc":{"start":{"line":42,"column":59},"end":{"line":42,"column":69}},"line":42},"7":{"name":"(anonymous_7)","decl":{"start":{"line":44,"column":36},"end":{"line":44,"column":37}},"loc":{"start":{"line":44,"column":50},"end":{"line":55,"column":13}},"line":44}},"branchMap":{"0":{"loc":{"start":{"line":16,"column":16},"end":{"line":18,"column":17}},"type":"if","locations":[{"start":{"line":16,"column":16},"end":{"line":18,"column":17}},{"start":{},"end":{}}],"line":16},"1":{"loc":{"start":{"line":22,"column":16},"end":{"line":24,"column":17}},"type":"if","locations":[{"start":{"line":22,"column":16},"end":{"line":24,"column":17}},{"start":{},"end":{}}],"line":22},"2":{"loc":{"start":{"line":25,"column":16},"end":{"line":27,"column":17}},"type":"if","locations":[{"start":{"line":25,"column":16},"end":{"line":27,"column":17}},{"start":{},"end":{}}],"line":25},"3":{"loc":{"start":{"line":28,"column":16},"end":{"line":30,"column":17}},"type":"if","locations":[{"start":{"line":28,"column":16},"end":{"line":30,"column":17}},{"start":{},"end":{}}],"line":28},"4":{"loc":{"start":{"line":39,"column":16},"end":{"line":41,"column":17}},"type":"if","locations":[{"start":{"line":39,"column":16},"end":{"line":41,"column":17}},{"start":{},"end":{}}],"line":39},"5":{"loc":{"start":{"line":45,"column":16},"end":{"line":47,"column":17}},"type":"if","locations":[{"start":{"line":45,"column":16},"end":{"line":47,"column":17}},{"start":{},"end":{}}],"line":45},"6":{"loc":{"start":{"line":48,"column":16},"end":{"line":50,"column":17}},"type":"if","locations":[{"start":{"line":48,"column":16},"end":{"line":50,"column":17}},{"start":{},"end":{}}],"line":48},"7":{"loc":{"start":{"line":51,"column":16},"end":{"line":53,"column":17}},"type":"if","locations":[{"start":{"line":51,"column":16},"end":{"line":53,"column":17}},{"start":{},"end":{}}],"line":51}},"s":{"0":2,"1":2,"2":0,"3":0,"4":0,"5":0,"6":0,"7":0,"8":0,"9":0,"10":0,"11":0,"12":0,"13":0,"14":0,"15":0,"16":0,"17":0,"18":0,"19":0,"20":0,"21":0,"22":0,"23":0,"24":0,"25":2},"f":{"0":2,"1":0,"2":0,"3":0,"4":0,"5":0,"6":0,"7":0},"b":{"0":[0,0],"1":[0,0],"2":[0,0],"3":[0,0],"4":[0,0],"5":[0,0],"6":[0,0],"7":[0,0]},"_coverageSchema":"1a1c01bbd47fc00a2c39e90264f33305004495a9","hash":"f1b643338be9265f22d7b34398fe66c139ce6c40"}
,"C:\\Users\\Usuario\\OneDrive\\Escritorio\\Programación\\Code Academy\\projects\\redditclient\\src\\Features\\Search\\Search.jsx": {"path":"C:\\Users\\Usuario\\OneDrive\\Escritorio\\Programación\\Code Academy\\projects\\redditclient\\src\\Features\\Search\\Search.jsx","statementMap":{"0":{"start":{"line":10,"column":49},"end":{"line":10,"column":61}},"1":{"start":{"line":11,"column":40},"end":{"line":11,"column":52}},"2":{"start":{"line":12,"column":44},"end":{"line":12,"column":56}},"3":{"start":{"line":13,"column":21},"end":{"line":13,"column":34}},"4":{"start":{"line":14,"column":21},"end":{"line":14,"column":34}},"5":{"start":{"line":22,"column":8},"end":{"line":26,"column":6}},"6":{"start":{"line":29,"column":8},"end":{"line":29,"column":46}},"7":{"start":{"line":30,"column":8},"end":{"line":30,"column":27}},"8":{"start":{"line":33,"column":4},"end":{"line":37,"column":14}},"9":{"start":{"line":34,"column":8},"end":{"line":36,"column":9}},"10":{"start":{"line":35,"column":12},"end":{"line":35,"column":33}},"11":{"start":{"line":40,"column":8},"end":{"line":40,"column":30}},"12":{"start":{"line":41,"column":8},"end":{"line":44,"column":9}},"13":{"start":{"line":42,"column":12},"end":{"line":42,"column":57}},"14":{"start":{"line":43,"column":12},"end":{"line":43,"column":18}},"15":{"start":{"line":45,"column":8},"end":{"line":45,"column":45}},"16":{"start":{"line":46,"column":8},"end":{"line":46,"column":55}},"17":{"start":{"line":47,"column":8},"end":{"line":47,"column":30}},"18":{"start":{"line":50,"column":4},"end":{"line":107,"column":5}}},"fnMap":{"0":{"name":"Search","decl":{"start":{"line":9,"column":9},"end":{"line":9,"column":15}},"loc":{"start":{"line":9,"column":19},"end":{"line":108,"column":1}},"line":9},"1":{"name":"handleChange","decl":{"start":{"line":28,"column":13},"end":{"line":28,"column":25}},"loc":{"start":{"line":28,"column":34},"end":{"line":31,"column":5}},"line":28},"2":{"name":"(anonymous_2)","decl":{"start":{"line":33,"column":14},"end":{"line":33,"column":15}},"loc":{"start":{"line":33,"column":20},"end":{"line":37,"column":5}},"line":33},"3":{"name":"handleSubmit","decl":{"start":{"line":39,"column":13},"end":{"line":39,"column":25}},"loc":{"start":{"line":39,"column":34},"end":{"line":48,"column":5}},"line":39}},"branchMap":{"0":{"loc":{"start":{"line":34,"column":8},"end":{"line":36,"column":9}},"type":"if","locations":[{"start":{"line":34,"column":8},"end":{"line":36,"column":9}},{"start":{},"end":{}}],"line":34},"1":{"loc":{"start":{"line":34,"column":12},"end":{"line":34,"column":69}},"type":"binary-expr","locations":[{"start":{"line":34,"column":12},"end":{"line":34,"column":28}},{"start":{"line":34,"column":32},"end":{"line":34,"column":40}},{"start":{"line":34,"column":44},"end":{"line":34,"column":54}},{"start":{"line":34,"column":58},"end":{"line":34,"column":69}}],"line":34},"2":{"loc":{"start":{"line":41,"column":8},"end":{"line":44,"column":9}},"type":"if","locations":[{"start":{"line":41,"column":8},"end":{"line":44,"column":9}},{"start":{},"end":{}}],"line":41},"3":{"loc":{"start":{"line":71,"column":34},"end":{"line":71,"column":57}},"type":"binary-expr","locations":[{"start":{"line":71,"column":34},"end":{"line":71,"column":43}},{"start":{"line":71,"column":47},"end":{"line":71,"column":57}}],"line":71},"4":{"loc":{"start":{"line":82,"column":17},"end":{"line":91,"column":17}},"type":"binary-expr","locations":[{"start":{"line":82,"column":18},"end":{"line":82,"column":27}},{"start":{"line":82,"column":31},"end":{"line":82,"column":41}},{"start":{"line":83,"column":20},"end":{"line":90,"column":26}}],"line":82},"5":{"loc":{"start":{"line":92,"column":17},"end":{"line":96,"column":17}},"type":"binary-expr","locations":[{"start":{"line":92,"column":17},"end":{"line":92,"column":24}},{"start":{"line":93,"column":20},"end":{"line":95,"column":24}}],"line":92},"6":{"loc":{"start":{"line":94,"column":25},"end":{"line":94,"column":68}},"type":"binary-expr","locations":[{"start":{"line":94,"column":25},"end":{"line":94,"column":39}},{"start":{"line":94,"column":43},"end":{"line":94,"column":68}}],"line":94},"7":{"loc":{"start":{"line":97,"column":17},"end":{"line":99,"column":17}},"type":"binary-expr","locations":[{"start":{"line":97,"column":17},"end":{"line":97,"column":29}},{"start":{"line":98,"column":20},"end":{"line":98,"column":73}}],"line":97},"8":{"loc":{"start":{"line":100,"column":17},"end":{"line":104,"column":17}},"type":"binary-expr","locations":[{"start":{"line":100,"column":17},"end":{"line":100,"column":27}},{"start":{"line":100,"column":31},"end":{"line":100,"column":39}},{"start":{"line":100,"column":43},"end":{"line":100,"column":61}},{"start":{"line":101,"column":20},"end":{"line":103,"column":24}}],"line":100}},"s":{"0":169,"1":169,"2":169,"3":169,"4":169,"5":169,"6":121,"7":121,"8":169,"9":37,"10":1,"11":16,"12":16,"13":6,"14":6,"15":10,"16":10,"17":10,"18":169},"f":{"0":169,"1":121,"2":37,"3":16},"b":{"0":[1,36],"1":[37,1,1,1],"2":[6,10],"3":[169,166],"4":[169,166,6],"5":[169,55],"6":[55,11],"7":[169,6],"8":[169,166,111,22]},"_coverageSchema":"1a1c01bbd47fc00a2c39e90264f33305004495a9","hash":"9cf8e386c84f5691c5e26cc7aa420f5923b15a18"}
,"C:\\Users\\Usuario\\OneDrive\\Escritorio\\Programación\\Code Academy\\projects\\redditclient\\src\\Features\\Search\\apisSearchSlice.jsx": {"path":"C:\\Users\\Usuario\\OneDrive\\Escritorio\\Programación\\Code Academy\\projects\\redditclient\\src\\Features\\Search\\apisSearchSlice.jsx","statementMap":{"0":{"start":{"line":3,"column":23},"end":{"line":43,"column":2}},"1":{"start":{"line":11,"column":29},"end":{"line":42,"column":5}},"2":{"start":{"line":13,"column":36},"end":{"line":20,"column":13}},"3":{"start":{"line":22,"column":16},"end":{"line":24,"column":17}},"4":{"start":{"line":23,"column":20},"end":{"line":23,"column":75}},"5":{"start":{"line":25,"column":16},"end":{"line":25,"column":71}},"6":{"start":{"line":25,"column":59},"end":{"line":25,"column":69}},"7":{"start":{"line":28,"column":16},"end":{"line":30,"column":17}},"8":{"start":{"line":29,"column":20},"end":{"line":29,"column":85}},"9":{"start":{"line":31,"column":16},"end":{"line":33,"column":17}},"10":{"start":{"line":32,"column":20},"end":{"line":32,"column":59}},"11":{"start":{"line":34,"column":16},"end":{"line":36,"column":17}},"12":{"start":{"line":35,"column":20},"end":{"line":35,"column":82}},"13":{"start":{"line":37,"column":16},"end":{"line":37,"column":72}},"14":{"start":{"line":46,"column":32},"end":{"line":46,"column":46}}},"fnMap":{"0":{"name":"(anonymous_0)","decl":{"start":{"line":11,"column":15},"end":{"line":11,"column":16}},"loc":{"start":{"line":11,"column":29},"end":{"line":42,"column":5}},"line":11},"1":{"name":"(anonymous_1)","decl":{"start":{"line":13,"column":19},"end":{"line":13,"column":20}},"loc":{"start":{"line":13,"column":36},"end":{"line":20,"column":13}},"line":13},"2":{"name":"(anonymous_2)","decl":{"start":{"line":21,"column":31},"end":{"line":21,"column":32}},"loc":{"start":{"line":21,"column":45},"end":{"line":26,"column":13}},"line":21},"3":{"name":"(anonymous_3)","decl":{"start":{"line":25,"column":50},"end":{"line":25,"column":51}},"loc":{"start":{"line":25,"column":59},"end":{"line":25,"column":69}},"line":25},"4":{"name":"(anonymous_4)","decl":{"start":{"line":27,"column":36},"end":{"line":27,"column":37}},"loc":{"start":{"line":27,"column":50},"end":{"line":38,"column":13}},"line":27}},"branchMap":{"0":{"loc":{"start":{"line":22,"column":16},"end":{"line":24,"column":17}},"type":"if","locations":[{"start":{"line":22,"column":16},"end":{"line":24,"column":17}},{"start":{},"end":{}}],"line":22},"1":{"loc":{"start":{"line":28,"column":16},"end":{"line":30,"column":17}},"type":"if","locations":[{"start":{"line":28,"column":16},"end":{"line":30,"column":17}},{"start":{},"end":{}}],"line":28},"2":{"loc":{"start":{"line":31,"column":16},"end":{"line":33,"column":17}},"type":"if","locations":[{"start":{"line":31,"column":16},"end":{"line":33,"column":17}},{"start":{},"end":{}}],"line":31},"3":{"loc":{"start":{"line":34,"column":16},"end":{"line":36,"column":17}},"type":"if","locations":[{"start":{"line":34,"column":16},"end":{"line":36,"column":17}},{"start":{},"end":{}}],"line":34}},"s":{"0":1,"1":1,"2":0,"3":0,"4":0,"5":0,"6":0,"7":0,"8":0,"9":0,"10":0,"11":0,"12":0,"13":0,"14":1},"f":{"0":1,"1":0,"2":0,"3":0,"4":0},"b":{"0":[0,0],"1":[0,0],"2":[0,0],"3":[0,0]},"_coverageSchema":"1a1c01bbd47fc00a2c39e90264f33305004495a9","hash":"f68348a70758dcdb3e32e56958a5456037b6ad7b"}
,"C:\\Users\\Usuario\\OneDrive\\Escritorio\\Programación\\Code Academy\\projects\\redditclient\\src\\Features\\Search\\searchTermSlice.jsx": {"path":"C:\\Users\\Usuario\\OneDrive\\Escritorio\\Programación\\Code Academy\\projects\\redditclient\\src\\Features\\Search\\searchTermSlice.jsx","statementMap":{"0":{"start":{"line":3,"column":24},"end":{"line":9,"column":2}},"1":{"start":{"line":7,"column":42},"end":{"line":7,"column":56}},"2":{"start":{"line":11,"column":33},"end":{"line":11,"column":56}}},"fnMap":{"0":{"name":"(anonymous_0)","decl":{"start":{"line":7,"column":23},"end":{"line":7,"column":24}},"loc":{"start":{"line":7,"column":42},"end":{"line":7,"column":56}},"line":7}},"branchMap":{},"s":{"0":3,"1":35,"2":3},"f":{"0":35},"b":{},"_coverageSchema":"1a1c01bbd47fc00a2c39e90264f33305004495a9","hash":"d94bbd4b406fd8ee46616be88c8f1e788b1a696c"}
}
