{"C:\\Users\\Usuario\\OneDrive\\Escritorio\\Programación\\Code Academy\\projects\\redditclient\\src\\store.jsx": {"path":"C:\\Users\\Usuario\\OneDrive\\Escritorio\\Programación\\Code Academy\\projects\\redditclient\\src\\store.jsx","statementMap":{"0":{"start":{"line":6,"column":21},"end":{"line":13,"column":2}},"1":{"start":{"line":12,"column":42},"end":{"line":12,"column":133}}},"fnMap":{"0":{"name":"(anonymous_0)","decl":{"start":{"line":12,"column":16},"end":{"line":12,"column":17}},"loc":{"start":{"line":12,"column":42},"end":{"line":12,"column":133}},"line":12}},"branchMap":{},"s":{"0":2,"1":2},"f":{"0":2},"b":{},"_coverageSchema":"1a1c01bbd47fc00a2c39e90264f33305004495a9","hash":"a0a38c8b67f6f1ea5761b6201406ac095b39b71e"}
,"C:\\Users\\Usuario\\OneDrive\\Escritorio\\Programación\\Code Academy\\projects\\redditclient\\src\\Components\\Subreddit\\Subreddit.jsx": {"path":"C:\\Users\\Usuario\\OneDrive\\Escritorio\\Programación\\Code Academy\\projects\\redditclient\\src\\Components\\Subreddit\\Subreddit.jsx","statementMap":{"0":{"start":{"line":5,"column":26},"end":{"line":5,"column":37}},"1":{"start":{"line":13,"column":8},"end":{"line":13,"column":41}},"2":{"start":{"line":21,"column":8},"end":{"line":25,"column":6}},"3":{"start":{"line":27,"column":4},"end":{"line":29,"column":5}},"4":{"start":{"line":28,"column":8},"end":{"line":28,"column":37}},"5":{"start":{"line":31,"column":4},"end":{"line":33,"column":5}},"6":{"start":{"line":32,"column":8},"end":{"line":32,"column":76}},"7":{"start":{"line":35,"column":4},"end":{"line":37,"column":5}},"8":{"start":{"line":36,"column":8},"end":{"line":36,"column":44}},"9":{"start":{"line":39,"column":4},"end":{"line":52,"column":5}}},"fnMap":{"0":{"name":"Subreddit","decl":{"start":{"line":4,"column":9},"end":{"line":4,"column":18}},"loc":{"start":{"line":4,"column":22},"end":{"line":53,"column":1}},"line":4}},"branchMap":{"0":{"loc":{"start":{"line":27,"column":4},"end":{"line":29,"column":5}},"type":"if","locations":[{"start":{"line":27,"column":4},"end":{"line":29,"column":5}},{"start":{},"end":{}}],"line":27},"1":{"loc":{"start":{"line":27,"column":8},"end":{"line":27,"column":49}},"type":"binary-expr","locations":[{"start":{"line":27,"column":8},"end":{"line":27,"column":26}},{"start":{"line":27,"column":30},"end":{"line":27,"column":49}}],"line":27},"2":{"loc":{"start":{"line":31,"column":4},"end":{"line":33,"column":5}},"type":"if","locations":[{"start":{"line":31,"column":4},"end":{"line":33,"column":5}},{"start":{},"end":{}}],"line":31},"3":{"loc":{"start":{"line":32,"column":28},"end":{"line":32,"column":68}},"type":"binary-expr","locations":[{"start":{"line":32,"column":28},"end":{"line":32,"column":42}},{"start":{"line":32,"column":46},"end":{"line":32,"column":68}}],"line":32},"4":{"loc":{"start":{"line":35,"column":4},"end":{"line":37,"column":5}},"type":"if","locations":[{"start":{"line":35,"column":4},"end":{"line":37,"column":5}},{"start":{},"end":{}}],"line":35}},"s":{"0":0,"1":0,"2":0,"3":0,"4":0,"5":0,"6":0,"7":0,"8":0,"9":0},"f":{"0":0},"b":{"0":[0,0],"1":[0,0],"2":[0,0],"3":[0,0],"4":[0,0]},"_coverageSchema":"1a1c01bbd47fc00a2c39e90264f33305004495a9","hash":"98b63fdfd291d1e8822b8aa61de84d66290294ec"}
,"C:\\Users\\Usuario\\OneDrive\\Escritorio\\Programación\\Code Academy\\projects\\redditclient\\src\\Features\\Results\\Results.jsx": {"path":"C:\\Users\\Usuario\\OneDrive\\Escritorio\\Programación\\Code Academy\\projects\\redditclient\\src\\Features\\Results\\Results.jsx","statementMap":{"0":{"start":{"line":8,"column":37},"end":{"line":8,"column":49}},"1":{"start":{"line":9,"column":38},"end":{"line":9,"column":52}},"2":{"start":{"line":10,"column":48},"end":{"line":10,"column":62}},"3":{"start":{"line":12,"column":23},"end":{"line":12,"column":61}},"4":{"start":{"line":12,"column":44},"end":{"line":12,"column":60}},"5":{"start":{"line":13,"column":21},"end":{"line":13,"column":47}},"6":{"start":{"line":14,"column":15},"end":{"line":18,"column":6}},"7":{"start":{"line":21,"column":8},"end":{"line":21,"column":41}},"8":{"start":{"line":25,"column":8},"end":{"line":25,"column":29}},"9":{"start":{"line":25,"column":19},"end":{"line":25,"column":29}},"10":{"start":{"line":27,"column":34},"end":{"line":27,"column":65}},"11":{"start":{"line":29,"column":8},"end":{"line":33,"column":10}},"12":{"start":{"line":30,"column":12},"end":{"line":32,"column":89}},"13":{"start":{"line":37,"column":25},"end":{"line":37,"column":42}},"14":{"start":{"line":39,"column":8},"end":{"line":39,"column":40}},"15":{"start":{"line":39,"column":24},"end":{"line":39,"column":40}},"16":{"start":{"line":41,"column":8},"end":{"line":44,"column":11}},"17":{"start":{"line":42,"column":31},"end":{"line":42,"column":93}},"18":{"start":{"line":43,"column":12},"end":{"line":43,"column":66}},"19":{"start":{"line":47,"column":28},"end":{"line":49,"column":5}},"20":{"start":{"line":48,"column":8},"end":{"line":48,"column":28}},"21":{"start":{"line":51,"column":29},"end":{"line":53,"column":5}},"22":{"start":{"line":52,"column":8},"end":{"line":52,"column":29}},"23":{"start":{"line":55,"column":27},"end":{"line":55,"column":53}},"24":{"start":{"line":58,"column":8},"end":{"line":58,"column":44}},"25":{"start":{"line":61,"column":4},"end":{"line":122,"column":5}},"26":{"start":{"line":99,"column":24},"end":{"line":117,"column":29}},"27":{"start":{"line":100,"column":86},"end":{"line":100,"column":107}}},"fnMap":{"0":{"name":"Results","decl":{"start":{"line":7,"column":9},"end":{"line":7,"column":16}},"loc":{"start":{"line":7,"column":20},"end":{"line":123,"column":1}},"line":7},"1":{"name":"(anonymous_1)","decl":{"start":{"line":12,"column":35},"end":{"line":12,"column":36}},"loc":{"start":{"line":12,"column":44},"end":{"line":12,"column":60}},"line":12},"2":{"name":"handleChange","decl":{"start":{"line":20,"column":13},"end":{"line":20,"column":25}},"loc":{"start":{"line":20,"column":34},"end":{"line":22,"column":5}},"line":20},"3":{"name":"getFilteredData","decl":{"start":{"line":24,"column":13},"end":{"line":24,"column":28}},"loc":{"start":{"line":24,"column":32},"end":{"line":34,"column":5}},"line":24},"4":{"name":"(anonymous_4)","decl":{"start":{"line":29,"column":27},"end":{"line":29,"column":28}},"loc":{"start":{"line":30,"column":12},"end":{"line":32,"column":89}},"line":30},"5":{"name":"getSortedAndFilteredData","decl":{"start":{"line":36,"column":13},"end":{"line":36,"column":37}},"loc":{"start":{"line":36,"column":40},"end":{"line":45,"column":5}},"line":36},"6":{"name":"(anonymous_6)","decl":{"start":{"line":41,"column":29},"end":{"line":41,"column":30}},"loc":{"start":{"line":41,"column":39},"end":{"line":44,"column":9}},"line":41},"7":{"name":"(anonymous_7)","decl":{"start":{"line":47,"column":28},"end":{"line":47,"column":29}},"loc":{"start":{"line":47,"column":34},"end":{"line":49,"column":5}},"line":47},"8":{"name":"(anonymous_8)","decl":{"start":{"line":51,"column":29},"end":{"line":51,"column":30}},"loc":{"start":{"line":51,"column":35},"end":{"line":53,"column":5}},"line":51},"9":{"name":"handleSelection","decl":{"start":{"line":57,"column":13},"end":{"line":57,"column":28}},"loc":{"start":{"line":57,"column":35},"end":{"line":59,"column":5}},"line":57},"10":{"name":"(anonymous_10)","decl":{"start":{"line":98,"column":40},"end":{"line":98,"column":41}},"loc":{"start":{"line":99,"column":24},"end":{"line":117,"column":29}},"line":99},"11":{"name":"(anonymous_11)","decl":{"start":{"line":100,"column":80},"end":{"line":100,"column":81}},"loc":{"start":{"line":100,"column":86},"end":{"line":100,"column":107}},"line":100}},"branchMap":{"0":{"loc":{"start":{"line":25,"column":8},"end":{"line":25,"column":29}},"type":"if","locations":[{"start":{"line":25,"column":8},"end":{"line":25,"column":29}},{"start":{},"end":{}}],"line":25},"1":{"loc":{"start":{"line":30,"column":12},"end":{"line":32,"column":89}},"type":"binary-expr","locations":[{"start":{"line":30,"column":13},"end":{"line":30,"column":73}},{"start":{"line":30,"column":77},"end":{"line":30,"column":82}},{"start":{"line":31,"column":13},"end":{"line":31,"column":66}},{"start":{"line":31,"column":70},"end":{"line":31,"column":75}},{"start":{"line":32,"column":13},"end":{"line":32,"column":79}},{"start":{"line":32,"column":83},"end":{"line":32,"column":88}}],"line":30},"2":{"loc":{"start":{"line":39,"column":8},"end":{"line":39,"column":40}},"type":"if","locations":[{"start":{"line":39,"column":8},"end":{"line":39,"column":40}},{"start":{},"end":{}}],"line":39},"3":{"loc":{"start":{"line":43,"column":19},"end":{"line":43,"column":65}},"type":"cond-expr","locations":[{"start":{"line":43,"column":41},"end":{"line":43,"column":51}},{"start":{"line":43,"column":54},"end":{"line":43,"column":65}}],"line":43},"4":{"loc":{"start":{"line":102,"column":46},"end":{"line":102,"column":111}},"type":"binary-expr","locations":[{"start":{"line":102,"column":46},"end":{"line":102,"column":59}},{"start":{"line":102,"column":63},"end":{"line":102,"column":111}}],"line":102},"5":{"loc":{"start":{"line":104,"column":37},"end":{"line":104,"column":122}},"type":"cond-expr","locations":[{"start":{"line":104,"column":56},"end":{"line":104,"column":89}},{"start":{"line":104,"column":92},"end":{"line":104,"column":122}}],"line":104}},"s":{"0":108,"1":108,"2":108,"3":108,"4":137,"5":108,"6":108,"7":72,"8":108,"9":0,"10":108,"11":108,"12":209,"13":108,"14":108,"15":92,"16":16,"17":7,"18":7,"19":108,"20":4,"21":108,"22":1,"23":108,"24":2,"25":108,"26":135,"27":2},"f":{"0":108,"1":137,"2":72,"3":108,"4":209,"5":108,"6":7,"7":4,"8":1,"9":2,"10":135,"11":2},"b":{"0":[0,108],"1":[209,89,89,86,86,74],"2":[92,16],"3":[6,1],"4":[135,55],"5":[130,5]},"_coverageSchema":"1a1c01bbd47fc00a2c39e90264f33305004495a9","hash":"7d371dab2fec8d78ee55fd1560ae4e9ebea2f9ee"}
,"C:\\Users\\Usuario\\OneDrive\\Escritorio\\Programación\\Code Academy\\projects\\redditclient\\src\\Features\\Results\\apiResultsSlice.jsx": {"path":"C:\\Users\\Usuario\\OneDrive\\Escritorio\\Programación\\Code Academy\\projects\\redditclient\\src\\Features\\Results\\apiResultsSlice.jsx","statementMap":{"0":{"start":{"line":3,"column":24},"end":{"line":60,"column":2}},"1":{"start":{"line":12,"column":29},"end":{"line":59,"column":5}},"2":{"start":{"line":14,"column":39},"end":{"line":14,"column":72}},"3":{"start":{"line":16,"column":16},"end":{"line":18,"column":17}},"4":{"start":{"line":17,"column":20},"end":{"line":17,"column":75}},"5":{"start":{"line":19,"column":16},"end":{"line":19,"column":37}},"6":{"start":{"line":22,"column":16},"end":{"line":24,"column":17}},"7":{"start":{"line":23,"column":20},"end":{"line":23,"column":85}},"8":{"start":{"line":25,"column":16},"end":{"line":27,"column":17}},"9":{"start":{"line":26,"column":20},"end":{"line":26,"column":59}},"10":{"start":{"line":28,"column":16},"end":{"line":30,"column":17}},"11":{"start":{"line":29,"column":20},"end":{"line":29,"column":82}},"12":{"start":{"line":31,"column":16},"end":{"line":31,"column":72}},"13":{"start":{"line":37,"column":34},"end":{"line":37,"column":69}},"14":{"start":{"line":39,"column":16},"end":{"line":41,"column":17}},"15":{"start":{"line":40,"column":20},"end":{"line":40,"column":75}},"16":{"start":{"line":42,"column":16},"end":{"line":42,"column":71}},"17":{"start":{"line":42,"column":59},"end":{"line":42,"column":69}},"18":{"start":{"line":45,"column":16},"end":{"line":47,"column":17}},"19":{"start":{"line":46,"column":20},"end":{"line":46,"column":85}},"20":{"start":{"line":48,"column":16},"end":{"line":50,"column":17}},"21":{"start":{"line":49,"column":20},"end":{"line":49,"column":59}},"22":{"start":{"line":51,"column":16},"end":{"line":53,"column":17}},"23":{"start":{"line":52,"column":20},"end":{"line":52,"column":82}},"24":{"start":{"line":54,"column":16},"end":{"line":54,"column":72}},"25":{"start":{"line":62,"column":65},"end":{"line":62,"column":80}}},"fnMap":{"0":{"name":"(anonymous_0)","decl":{"start":{"line":12,"column":15},"end":{"line":12,"column":16}},"loc":{"start":{"line":12,"column":29},"end":{"line":59,"column":5}},"line":12},"1":{"name":"(anonymous_1)","decl":{"start":{"line":14,"column":19},"end":{"line":14,"column":20}},"loc":{"start":{"line":14,"column":39},"end":{"line":14,"column":72}},"line":14},"2":{"name":"(anonymous_2)","decl":{"start":{"line":15,"column":31},"end":{"line":15,"column":32}},"loc":{"start":{"line":15,"column":45},"end":{"line":20,"column":13}},"line":15},"3":{"name":"(anonymous_3)","decl":{"start":{"line":21,"column":36},"end":{"line":21,"column":37}},"loc":{"start":{"line":21,"column":50},"end":{"line":32,"column":13}},"line":21},"4":{"name":"(anonymous_4)","decl":{"start":{"line":37,"column":19},"end":{"line":37,"column":20}},"loc":{"start":{"line":37,"column":34},"end":{"line":37,"column":69}},"line":37},"5":{"name":"(anonymous_5)","decl":{"start":{"line":38,"column":31},"end":{"line":38,"column":32}},"loc":{"start":{"line":38,"column":45},"end":{"line":43,"column":13}},"line":38},"6":{"name":"(anonymous_6)","decl":{"start":{"line":42,"column":50},"end":{"line":42,"column":51}},"loc":{"start":{"line":42,"column":59},"end":{"line":42,"column":69}},"line":42},"7":{"name":"(anonymous_7)","decl":{"start":{"line":44,"column":36},"end":{"line":44,"column":37}},"loc":{"start":{"line":44,"column":50},"end":{"line":55,"column":13}},"line":44}},"branchMap":{"0":{"loc":{"start":{"line":16,"column":16},"end":{"line":18,"column":17}},"type":"if","locations":[{"start":{"line":16,"column":16},"end":{"line":18,"column":17}},{"start":{},"end":{}}],"line":16},"1":{"loc":{"start":{"line":22,"column":16},"end":{"line":24,"column":17}},"type":"if","locations":[{"start":{"line":22,"column":16},"end":{"line":24,"column":17}},{"start":{},"end":{}}],"line":22},"2":{"loc":{"start":{"line":25,"column":16},"end":{"line":27,"column":17}},"type":"if","locations":[{"start":{"line":25,"column":16},"end":{"line":27,"column":17}},{"start":{},"end":{}}],"line":25},"3":{"loc":{"start":{"line":28,"column":16},"end":{"line":30,"column":17}},"type":"if","locations":[{"start":{"line":28,"column":16},"end":{"line":30,"column":17}},{"start":{},"end":{}}],"line":28},"4":{"loc":{"start":{"line":39,"column":16},"end":{"line":41,"column":17}},"type":"if","locations":[{"start":{"line":39,"column":16},"end":{"line":41,"column":17}},{"start":{},"end":{}}],"line":39},"5":{"loc":{"start":{"line":45,"column":16},"end":{"line":47,"column":17}},"type":"if","locations":[{"start":{"line":45,"column":16},"end":{"line":47,"column":17}},{"start":{},"end":{}}],"line":45},"6":{"loc":{"start":{"line":48,"column":16},"end":{"line":50,"column":17}},"type":"if","locations":[{"start":{"line":48,"column":16},"end":{"line":50,"column":17}},{"start":{},"end":{}}],"line":48},"7":{"loc":{"start":{"line":51,"column":16},"end":{"line":53,"column":17}},"type":"if","locations":[{"start":{"line":51,"column":16},"end":{"line":53,"column":17}},{"start":{},"end":{}}],"line":51}},"s":{"0":1,"1":1,"2":0,"3":0,"4":0,"5":0,"6":0,"7":0,"8":0,"9":0,"10":0,"11":0,"12":0,"13":0,"14":0,"15":0,"16":0,"17":0,"18":0,"19":0,"20":0,"21":0,"22":0,"23":0,"24":0,"25":1},"f":{"0":1,"1":0,"2":0,"3":0,"4":0,"5":0,"6":0,"7":0},"b":{"0":[0,0],"1":[0,0],"2":[0,0],"3":[0,0],"4":[0,0],"5":[0,0],"6":[0,0],"7":[0,0]},"_coverageSchema":"1a1c01bbd47fc00a2c39e90264f33305004495a9","hash":"f1b643338be9265f22d7b34398fe66c139ce6c40"}
,"C:\\Users\\Usuario\\OneDrive\\Escritorio\\Programación\\Code Academy\\projects\\redditclient\\src\\Features\\Search\\Search.jsx": {"path":"C:\\Users\\Usuario\\OneDrive\\Escritorio\\Programación\\Code Academy\\projects\\redditclient\\src\\Features\\Search\\Search.jsx","statementMap":{"0":{"start":{"line":9,"column":49},"end":{"line":9,"column":61}},"1":{"start":{"line":10,"column":40},"end":{"line":10,"column":52}},"2":{"start":{"line":11,"column":44},"end":{"line":11,"column":56}},"3":{"start":{"line":12,"column":21},"end":{"line":12,"column":34}},"4":{"start":{"line":13,"column":21},"end":{"line":13,"column":34}},"5":{"start":{"line":21,"column":8},"end":{"line":25,"column":6}},"6":{"start":{"line":28,"column":8},"end":{"line":28,"column":46}},"7":{"start":{"line":29,"column":8},"end":{"line":29,"column":27}},"8":{"start":{"line":32,"column":4},"end":{"line":36,"column":14}},"9":{"start":{"line":33,"column":8},"end":{"line":35,"column":9}},"10":{"start":{"line":34,"column":12},"end":{"line":34,"column":33}},"11":{"start":{"line":39,"column":8},"end":{"line":39,"column":30}},"12":{"start":{"line":40,"column":8},"end":{"line":43,"column":9}},"13":{"start":{"line":41,"column":12},"end":{"line":41,"column":57}},"14":{"start":{"line":42,"column":12},"end":{"line":42,"column":18}},"15":{"start":{"line":44,"column":8},"end":{"line":44,"column":45}},"16":{"start":{"line":45,"column":8},"end":{"line":45,"column":55}},"17":{"start":{"line":46,"column":8},"end":{"line":46,"column":30}},"18":{"start":{"line":49,"column":4},"end":{"line":105,"column":5}}},"fnMap":{"0":{"name":"Search","decl":{"start":{"line":8,"column":9},"end":{"line":8,"column":15}},"loc":{"start":{"line":8,"column":19},"end":{"line":106,"column":1}},"line":8},"1":{"name":"handleChange","decl":{"start":{"line":27,"column":13},"end":{"line":27,"column":25}},"loc":{"start":{"line":27,"column":34},"end":{"line":30,"column":5}},"line":27},"2":{"name":"(anonymous_2)","decl":{"start":{"line":32,"column":14},"end":{"line":32,"column":15}},"loc":{"start":{"line":32,"column":20},"end":{"line":36,"column":5}},"line":32},"3":{"name":"handleSubmit","decl":{"start":{"line":38,"column":13},"end":{"line":38,"column":25}},"loc":{"start":{"line":38,"column":34},"end":{"line":47,"column":5}},"line":38}},"branchMap":{"0":{"loc":{"start":{"line":33,"column":8},"end":{"line":35,"column":9}},"type":"if","locations":[{"start":{"line":33,"column":8},"end":{"line":35,"column":9}},{"start":{},"end":{}}],"line":33},"1":{"loc":{"start":{"line":33,"column":12},"end":{"line":33,"column":69}},"type":"binary-expr","locations":[{"start":{"line":33,"column":12},"end":{"line":33,"column":28}},{"start":{"line":33,"column":32},"end":{"line":33,"column":40}},{"start":{"line":33,"column":44},"end":{"line":33,"column":54}},{"start":{"line":33,"column":58},"end":{"line":33,"column":69}}],"line":33},"2":{"loc":{"start":{"line":40,"column":8},"end":{"line":43,"column":9}},"type":"if","locations":[{"start":{"line":40,"column":8},"end":{"line":43,"column":9}},{"start":{},"end":{}}],"line":40},"3":{"loc":{"start":{"line":69,"column":34},"end":{"line":69,"column":57}},"type":"binary-expr","locations":[{"start":{"line":69,"column":34},"end":{"line":69,"column":43}},{"start":{"line":69,"column":47},"end":{"line":69,"column":57}}],"line":69},"4":{"loc":{"start":{"line":80,"column":17},"end":{"line":89,"column":17}},"type":"binary-expr","locations":[{"start":{"line":80,"column":18},"end":{"line":80,"column":27}},{"start":{"line":80,"column":31},"end":{"line":80,"column":41}},{"start":{"line":81,"column":20},"end":{"line":88,"column":26}}],"line":80},"5":{"loc":{"start":{"line":90,"column":17},"end":{"line":94,"column":17}},"type":"binary-expr","locations":[{"start":{"line":90,"column":17},"end":{"line":90,"column":24}},{"start":{"line":91,"column":20},"end":{"line":93,"column":24}}],"line":90},"6":{"loc":{"start":{"line":92,"column":25},"end":{"line":92,"column":68}},"type":"binary-expr","locations":[{"start":{"line":92,"column":25},"end":{"line":92,"column":39}},{"start":{"line":92,"column":43},"end":{"line":92,"column":68}}],"line":92},"7":{"loc":{"start":{"line":95,"column":17},"end":{"line":97,"column":17}},"type":"binary-expr","locations":[{"start":{"line":95,"column":17},"end":{"line":95,"column":29}},{"start":{"line":96,"column":20},"end":{"line":96,"column":73}}],"line":95},"8":{"loc":{"start":{"line":98,"column":17},"end":{"line":102,"column":17}},"type":"binary-expr","locations":[{"start":{"line":98,"column":17},"end":{"line":98,"column":27}},{"start":{"line":98,"column":31},"end":{"line":98,"column":39}},{"start":{"line":98,"column":43},"end":{"line":98,"column":61}},{"start":{"line":99,"column":20},"end":{"line":101,"column":24}}],"line":98}},"s":{"0":166,"1":166,"2":166,"3":166,"4":166,"5":166,"6":121,"7":121,"8":166,"9":34,"10":1,"11":16,"12":16,"13":6,"14":6,"15":10,"16":10,"17":10,"18":166},"f":{"0":166,"1":121,"2":34,"3":16},"b":{"0":[1,33],"1":[34,1,1,1],"2":[6,10],"3":[166,163],"4":[166,163,6],"5":[166,55],"6":[55,11],"7":[166,6],"8":[166,163,108,22]},"_coverageSchema":"1a1c01bbd47fc00a2c39e90264f33305004495a9","hash":"1d56e3b8e99aab87db9fc1b92ab912830b31cd6e"}
,"C:\\Users\\Usuario\\OneDrive\\Escritorio\\Programación\\Code Academy\\projects\\redditclient\\src\\Features\\Search\\searchTermSlice.jsx": {"path":"C:\\Users\\Usuario\\OneDrive\\Escritorio\\Programación\\Code Academy\\projects\\redditclient\\src\\Features\\Search\\searchTermSlice.jsx","statementMap":{"0":{"start":{"line":3,"column":24},"end":{"line":9,"column":2}},"1":{"start":{"line":7,"column":42},"end":{"line":7,"column":56}},"2":{"start":{"line":11,"column":33},"end":{"line":11,"column":56}}},"fnMap":{"0":{"name":"(anonymous_0)","decl":{"start":{"line":7,"column":23},"end":{"line":7,"column":24}},"loc":{"start":{"line":7,"column":42},"end":{"line":7,"column":56}},"line":7}},"branchMap":{},"s":{"0":2,"1":35,"2":2},"f":{"0":35},"b":{},"_coverageSchema":"1a1c01bbd47fc00a2c39e90264f33305004495a9","hash":"d94bbd4b406fd8ee46616be88c8f1e788b1a696c"}
}
