TN:
SF:src\store.jsx
FN:12,(anonymous_0)
FNF:1
FNH:1
FNDA:2,(anonymous_0)
DA:6,2
DA:12,2
LF:2
LH:2
BRF:0
BRH:0
end_of_record
TN:
SF:src\Components\Subreddit\Subreddit.jsx
FN:4,Subreddit
FNF:1
FNH:0
FNDA:0,Subreddit
DA:5,0
DA:13,0
DA:21,0
DA:27,0
DA:28,0
DA:31,0
DA:32,0
DA:35,0
DA:36,0
DA:39,0
LF:10
LH:0
BRDA:27,0,0,0
BRDA:27,0,1,0
BRDA:27,1,0,0
BRDA:27,1,1,0
BRDA:31,2,0,0
BRDA:31,2,1,0
BRDA:32,3,0,0
BRDA:32,3,1,0
BRDA:35,4,0,0
BRDA:35,4,1,0
BRF:10
BRH:0
end_of_record
TN:
SF:src\Features\Results\Results.jsx
FN:8,Results
FN:13,(anonymous_1)
FN:21,handleChange
FN:25,getFilteredData
FN:30,(anonymous_4)
FN:40,getSortedAndFilteredData
FN:45,(anonymous_6)
FN:51,(anonymous_7)
FN:55,(anonymous_8)
FN:61,handleSelection
FN:124,(anonymous_10)
FN:128,(anonymous_11)
FNF:12
FNH:12
FNDA:108,Results
FNDA:137,(anonymous_1)
FNDA:72,handleChange
FNDA:108,getFilteredData
FNDA:209,(anonymous_4)
FNDA:108,getSortedAndFilteredData
FNDA:7,(anonymous_6)
FNDA:4,(anonymous_7)
FNDA:1,(anonymous_8)
FNDA:2,handleSelection
FNDA:135,(anonymous_10)
FNDA:2,(anonymous_11)
DA:9,108
DA:10,108
DA:11,108
DA:13,137
DA:14,108
DA:15,108
DA:22,72
DA:26,108
DA:28,108
DA:30,108
DA:31,209
DA:41,108
DA:43,108
DA:45,16
DA:46,7
DA:47,7
DA:51,108
DA:52,4
DA:55,108
DA:56,1
DA:59,108
DA:62,2
DA:65,108
DA:125,135
DA:128,2
LF:25
LH:25
BRDA:26,0,0,0
BRDA:26,0,1,108
BRDA:31,1,0,209
BRDA:31,1,1,209
BRDA:31,1,2,89
BRDA:31,1,3,89
BRDA:31,1,4,86
BRDA:31,1,5,86
BRDA:31,1,6,74
BRDA:43,2,0,92
BRDA:43,2,1,16
BRDA:47,3,0,6
BRDA:47,3,1,1
BRDA:139,4,0,135
BRDA:139,4,1,55
BRDA:156,5,0,130
BRDA:156,5,1,5
BRDA:163,6,0,130
BRDA:163,6,1,5
BRDA:170,7,0,135
BRDA:170,7,1,135
BRF:21
BRH:20
end_of_record
TN:
SF:src\Features\Results\apiResultsSlice.jsx
FN:12,(anonymous_0)
FN:14,(anonymous_1)
FN:15,(anonymous_2)
FN:21,(anonymous_3)
FN:37,(anonymous_4)
FN:38,(anonymous_5)
FN:42,(anonymous_6)
FN:44,(anonymous_7)
FNF:8
FNH:1
FNDA:1,(anonymous_0)
FNDA:0,(anonymous_1)
FNDA:0,(anonymous_2)
FNDA:0,(anonymous_3)
FNDA:0,(anonymous_4)
FNDA:0,(anonymous_5)
FNDA:0,(anonymous_6)
FNDA:0,(anonymous_7)
DA:3,1
DA:12,1
DA:14,0
DA:16,0
DA:17,0
DA:19,0
DA:22,0
DA:23,0
DA:25,0
DA:26,0
DA:28,0
DA:29,0
DA:31,0
DA:37,0
DA:39,0
DA:40,0
DA:42,0
DA:45,0
DA:46,0
DA:48,0
DA:49,0
DA:51,0
DA:52,0
DA:54,0
DA:62,1
LF:25
LH:3
BRDA:16,0,0,0
BRDA:16,0,1,0
BRDA:22,1,0,0
BRDA:22,1,1,0
BRDA:25,2,0,0
BRDA:25,2,1,0
BRDA:28,3,0,0
BRDA:28,3,1,0
BRDA:39,4,0,0
BRDA:39,4,1,0
BRDA:45,5,0,0
BRDA:45,5,1,0
BRDA:48,6,0,0
BRDA:48,6,1,0
BRDA:51,7,0,0
BRDA:51,7,1,0
BRF:16
BRH:0
end_of_record
TN:
SF:src\Features\Search\Search.jsx
FN:8,Search
FN:27,handleChange
FN:32,(anonymous_2)
FN:38,handleSubmit
FNF:4
FNH:4
FNDA:166,Search
FNDA:121,handleChange
FNDA:34,(anonymous_2)
FNDA:16,handleSubmit
DA:9,166
DA:10,166
DA:11,166
DA:12,166
DA:13,166
DA:21,166
DA:28,121
DA:29,121
DA:32,166
DA:33,34
DA:34,1
DA:39,16
DA:40,16
DA:41,6
DA:42,6
DA:44,10
DA:45,10
DA:46,10
DA:49,166
LF:19
LH:19
BRDA:33,0,0,1
BRDA:33,0,1,33
BRDA:33,1,0,34
BRDA:33,1,1,1
BRDA:33,1,2,1
BRDA:33,1,3,1
BRDA:40,2,0,6
BRDA:40,2,1,10
BRDA:69,3,0,166
BRDA:69,3,1,163
BRDA:80,4,0,166
BRDA:80,4,1,163
BRDA:80,4,2,6
BRDA:90,5,0,166
BRDA:90,5,1,55
BRDA:92,6,0,55
BRDA:92,6,1,11
BRDA:95,7,0,166
BRDA:95,7,1,6
BRDA:98,8,0,166
BRDA:98,8,1,163
BRDA:98,8,2,108
BRDA:98,8,3,22
BRF:23
BRH:23
end_of_record
TN:
SF:src\Features\Search\searchTermSlice.jsx
FN:7,(anonymous_0)
FNF:1
FNH:1
FNDA:35,(anonymous_0)
DA:3,2
DA:7,35
DA:11,2
LF:3
LH:3
BRF:0
BRH:0
end_of_record
