TN:
SF:src\store.jsx
FN:12,(anonymous_0)
FNF:1
FNH:1
FNDA:2,(anonymous_0)
DA:6,2
DA:12,2
LF:2
LH:2
BRF:0
BRH:0
end_of_record
TN:
SF:src\Components\Subreddit\Subreddit.jsx
FN:1,Subreddit
FNF:1
FNH:0
FNDA:0,Subreddit
DA:2,0
LF:1
LH:0
BRF:0
BRH:0
end_of_record
TN:
SF:src\Features\Results\Results.jsx
FN:7,Results
FN:12,(anonymous_1)
FN:20,handleChange
FN:24,getFilteredData
FN:29,(anonymous_4)
FN:36,(anonymous_5)
FN:37,(anonymous_6)
FN:43,(anonymous_7)
FN:44,(anonymous_8)
FN:52,handleSelection
FN:93,(anonymous_10)
FN:95,(anonymous_11)
FNF:12
FNH:12
FNDA:93,Results
FNDA:119,(anonymous_1)
FNDA:61,handleChange
FNDA:87,getFilteredData
FNDA:167,(anonymous_4)
FNDA:3,(anonymous_5)
FNDA:2,(anonymous_6)
FNDA:1,(anonymous_7)
FNDA:1,(anonymous_8)
FNDA:2,handleSelection
FNDA:117,(anonymous_10)
FNDA:2,(anonymous_11)
DA:8,93
DA:9,93
DA:10,93
DA:12,119
DA:13,93
DA:14,93
DA:21,61
DA:25,87
DA:27,87
DA:29,87
DA:30,167
DA:36,93
DA:37,3
DA:38,2
DA:40,3
DA:43,93
DA:44,1
DA:45,1
DA:47,1
DA:50,93
DA:53,2
DA:56,93
DA:94,117
DA:95,2
LF:24
LH:24
BRDA:25,0,0,0
BRDA:25,0,1,87
BRDA:30,1,0,167
BRDA:30,1,1,77
BRDA:30,1,2,77
BRDA:30,1,3,74
BRDA:30,1,4,74
BRDA:30,1,5,62
BRDA:50,2,0,10
BRDA:50,2,1,83
BRDA:97,3,0,117
BRDA:97,3,1,52
BRDA:99,4,0,112
BRDA:99,4,1,5
BRF:14
BRH:13
end_of_record
TN:
SF:src\Features\Results\apiResultsSlice.jsx
FN:12,(anonymous_0)
FN:14,(anonymous_1)
FN:15,(anonymous_2)
FN:21,(anonymous_3)
FNF:4
FNH:1
FNDA:1,(anonymous_0)
FNDA:0,(anonymous_1)
FNDA:0,(anonymous_2)
FNDA:0,(anonymous_3)
DA:3,1
DA:12,1
DA:14,0
DA:16,0
DA:17,0
DA:19,0
DA:22,0
DA:23,0
DA:25,0
DA:26,0
DA:28,0
DA:29,0
DA:31,0
DA:39,1
LF:14
LH:3
BRDA:16,0,0,0
BRDA:16,0,1,0
BRDA:22,1,0,0
BRDA:22,1,1,0
BRDA:25,2,0,0
BRDA:25,2,1,0
BRDA:28,3,0,0
BRDA:28,3,1,0
BRF:8
BRH:0
end_of_record
TN:
SF:src\Features\Search\Search.jsx
FN:7,Search
FN:26,handleChange
FN:31,(anonymous_2)
FN:37,handleSubmit
FNF:4
FNH:4
FNDA:166,Search
FNDA:121,handleChange
FNDA:34,(anonymous_2)
FNDA:16,handleSubmit
DA:8,166
DA:9,166
DA:10,166
DA:11,166
DA:12,166
DA:20,166
DA:27,121
DA:28,121
DA:31,166
DA:32,34
DA:33,1
DA:38,16
DA:39,16
DA:40,6
DA:41,6
DA:43,10
DA:44,10
DA:45,10
DA:48,166
LF:19
LH:19
BRDA:32,0,0,1
BRDA:32,0,1,33
BRDA:32,1,0,34
BRDA:32,1,1,1
BRDA:32,1,2,1
BRDA:32,1,3,1
BRDA:39,2,0,6
BRDA:39,2,1,10
BRDA:61,3,0,166
BRDA:61,3,1,163
BRDA:68,4,0,166
BRDA:68,4,1,163
BRDA:68,4,2,6
BRDA:69,5,0,166
BRDA:69,5,1,55
BRDA:69,6,0,55
BRDA:69,6,1,11
BRDA:70,7,0,166
BRDA:70,7,1,6
BRDA:71,8,0,166
BRDA:71,8,1,163
BRDA:71,8,2,108
BRDA:71,8,3,22
BRF:23
BRH:23
end_of_record
TN:
SF:src\Features\Search\searchTermSlice.jsx
FN:7,(anonymous_0)
FNF:1
FNH:1
FNDA:10,(anonymous_0)
DA:3,2
DA:7,10
DA:11,2
LF:3
LH:3
BRF:0
BRH:0
end_of_record
